c:\users\rodri\source\repos\loc\loc\x64\debug\vc143.pdb
c:\users\rodri\source\repos\loc\loc\x64\debug\vc143.idb
c:\users\rodri\source\repos\loc\loc\x64\debug\loc.obj
c:\users\rodri\source\repos\loc\loc\x64\debug\utils.obj
c:\users\rodri\source\repos\loc\loc\x64\debug\recon.obj
c:\users\rodri\source\repos\loc\loc\x64\debug\privilege_escalation.obj
c:\users\rodri\source\repos\loc\loc\x64\debug\persistence.obj
c:\users\rodri\source\repos\loc\loc\x64\debug\executable.obj
c:\users\rodri\source\repos\loc\loc\x64\debug\evasion.obj
c:\users\rodri\source\repos\loc\loc\x64\debug\crypt.obj
c:\users\rodri\source\repos\loc\x64\debug\loc.exe
c:\users\rodri\source\repos\loc\loc\x64\debug\loc.ilk
c:\users\rodri\source\repos\loc\x64\debug\loc.pdb
c:\users\rodri\source\repos\loc\loc\x64\debug\lasterror.obj
c:\users\rodri\source\repos\loc\loc\x64\debug\peb.obj
c:\users\rodri\source\repos\loc\loc\x64\debug\injection.obj
c:\users\rodri\source\repos\loc\loc\x64\debug\loc.tlog\cl.command.1.tlog
c:\users\rodri\source\repos\loc\loc\x64\debug\loc.tlog\cl.items.tlog
c:\users\rodri\source\repos\loc\loc\x64\debug\loc.tlog\cl.read.1.tlog
c:\users\rodri\source\repos\loc\loc\x64\debug\loc.tlog\cl.write.1.tlog
c:\users\rodri\source\repos\loc\loc\x64\debug\loc.tlog\link.command.1.tlog
c:\users\rodri\source\repos\loc\loc\x64\debug\loc.tlog\link.read.1.tlog
c:\users\rodri\source\repos\loc\loc\x64\debug\loc.tlog\link.write.1.tlog
c:\users\rodri\source\repos\loc\loc\x64\debug\loc.tlog\masm.read.1u.tlog
c:\users\rodri\source\repos\loc\loc\x64\debug\loc.tlog\masm.write.1u.tlog
